[2.768s] DEBUG:colcon:Command line arguments: ['/usr/bin/colcon', 'build', '--packages-select', 'final_proj']
[2.769s] DEBUG:colcon:Parsed command line arguments: Namespace(log_base=None, log_level=None, verb_name='build', build_base='build', install_base='install', merge_install=False, symlink_install=False, test_result_base=None, continue_on_error=False, executor='parallel', parallel_workers=4, event_handlers=None, ignore_user_meta=False, metas=['./colcon.meta'], base_paths=['.'], packages_ignore=None, packages_ignore_regex=None, paths=None, packages_up_to=None, packages_up_to_regex=None, packages_above=None, packages_above_and_dependencies=None, packages_above_depth=None, packages_select_by_dep=None, packages_skip_by_dep=None, packages_skip_up_to=None, packages_select_build_failed=False, packages_skip_build_finished=False, packages_select_test_failures=False, packages_skip_test_passed=False, packages_select=['final_proj'], packages_skip=None, packages_select_regex=None, packages_skip_regex=None, packages_start=None, packages_end=None, allow_overriding=[], cmake_args=None, cmake_target=None, cmake_target_skip_unavailable=False, cmake_clean_cache=False, cmake_clean_first=False, cmake_force_configure=False, ament_cmake_args=None, catkin_cmake_args=None, catkin_skip_building_tests=False, verb_parser=<colcon_defaults.argument_parser.defaults.DefaultArgumentsDecorator object at 0xffffa044e2f0>, verb_extension=<colcon_core.verb.build.BuildVerb object at 0xffffa0404b20>, main=<bound method BuildVerb.main of <colcon_core.verb.build.BuildVerb object at 0xffffa0404b20>>)
[4.109s] Level 1:colcon.colcon_core.package_discovery:discover_packages(colcon_meta) check parameters
[4.109s] Level 1:colcon.colcon_core.package_discovery:discover_packages(recursive) check parameters
[4.109s] Level 1:colcon.colcon_core.package_discovery:discover_packages(ignore) check parameters
[4.109s] Level 1:colcon.colcon_core.package_discovery:discover_packages(path) check parameters
[4.109s] Level 1:colcon.colcon_core.package_discovery:discover_packages(colcon_meta) discover
[4.110s] Level 1:colcon.colcon_core.package_discovery:discover_packages(recursive) discover
[4.110s] INFO:colcon.colcon_core.package_discovery:Crawling recursively for packages in '/home/ubuntu/ros2_ws/src/final_proj/final_proj'
[4.111s] Level 1:colcon.colcon_core.package_identification:_identify(.) by extensions ['ignore', 'ignore_ament_install']
[4.111s] Level 1:colcon.colcon_core.package_identification:_identify(.) by extension 'ignore'
[4.111s] Level 1:colcon.colcon_core.package_identification:_identify(.) by extension 'ignore_ament_install'
[4.112s] Level 1:colcon.colcon_core.package_identification:_identify(.) by extensions ['colcon_pkg']
[4.112s] Level 1:colcon.colcon_core.package_identification:_identify(.) by extension 'colcon_pkg'
[4.112s] Level 1:colcon.colcon_core.package_identification:_identify(.) by extensions ['colcon_meta']
[4.112s] Level 1:colcon.colcon_core.package_identification:_identify(.) by extension 'colcon_meta'
[4.112s] Level 1:colcon.colcon_core.package_identification:_identify(.) by extensions ['ros']
[4.112s] Level 1:colcon.colcon_core.package_identification:_identify(.) by extension 'ros'
[4.207s] Level 1:colcon.colcon_core.package_identification:_identify(.) by extensions ['cmake', 'python']
[4.207s] Level 1:colcon.colcon_core.package_identification:_identify(.) by extension 'cmake'
[4.207s] Level 1:colcon.colcon_core.package_identification:_identify(.) by extension 'python'
[4.208s] Level 1:colcon.colcon_core.package_identification:_identify(.) by extensions ['python_setup_py']
[4.208s] Level 1:colcon.colcon_core.package_identification:_identify(.) by extension 'python_setup_py'
[4.208s] Level 1:colcon.colcon_core.package_identification:_identify(__pycache__) by extensions ['ignore', 'ignore_ament_install']
[4.209s] Level 1:colcon.colcon_core.package_identification:_identify(__pycache__) by extension 'ignore'
[4.209s] Level 1:colcon.colcon_core.package_identification:_identify(__pycache__) by extension 'ignore_ament_install'
[4.209s] Level 1:colcon.colcon_core.package_identification:_identify(__pycache__) by extensions ['colcon_pkg']
[4.209s] Level 1:colcon.colcon_core.package_identification:_identify(__pycache__) by extension 'colcon_pkg'
[4.210s] Level 1:colcon.colcon_core.package_identification:_identify(__pycache__) by extensions ['colcon_meta']
[4.210s] Level 1:colcon.colcon_core.package_identification:_identify(__pycache__) by extension 'colcon_meta'
[4.210s] Level 1:colcon.colcon_core.package_identification:_identify(__pycache__) by extensions ['ros']
[4.210s] Level 1:colcon.colcon_core.package_identification:_identify(__pycache__) by extension 'ros'
[4.211s] Level 1:colcon.colcon_core.package_identification:_identify(__pycache__) by extensions ['cmake', 'python']
[4.211s] Level 1:colcon.colcon_core.package_identification:_identify(__pycache__) by extension 'cmake'
[4.211s] Level 1:colcon.colcon_core.package_identification:_identify(__pycache__) by extension 'python'
[4.211s] Level 1:colcon.colcon_core.package_identification:_identify(__pycache__) by extensions ['python_setup_py']
[4.211s] Level 1:colcon.colcon_core.package_identification:_identify(__pycache__) by extension 'python_setup_py'
[4.212s] Level 1:colcon.colcon_core.package_identification:_identify(build) by extensions ['ignore', 'ignore_ament_install']
[4.212s] Level 1:colcon.colcon_core.package_identification:_identify(build) by extension 'ignore'
[4.212s] Level 1:colcon.colcon_core.package_identification:_identify(build) ignored
[4.213s] Level 1:colcon.colcon_core.package_identification:_identify(install) by extensions ['ignore', 'ignore_ament_install']
[4.214s] Level 1:colcon.colcon_core.package_identification:_identify(install) by extension 'ignore'
[4.214s] Level 1:colcon.colcon_core.package_identification:_identify(install) ignored
[4.214s] Level 1:colcon.colcon_core.package_identification:_identify(log) by extensions ['ignore', 'ignore_ament_install']
[4.215s] Level 1:colcon.colcon_core.package_identification:_identify(log) by extension 'ignore'
[4.215s] Level 1:colcon.colcon_core.package_identification:_identify(log) ignored
[4.215s] Level 1:colcon.colcon_core.package_discovery:discover_packages(recursive) using defaults
[4.215s] Level 1:colcon.colcon_core.package_discovery:discover_packages(ignore) discover
[4.216s] Level 1:colcon.colcon_core.package_discovery:discover_packages(ignore) using defaults
[4.216s] Level 1:colcon.colcon_core.package_discovery:discover_packages(path) discover
[4.216s] Level 1:colcon.colcon_core.package_discovery:discover_packages(path) using defaults
[4.217s] WARNING:colcon.colcon_core.package_selection:ignoring unknown package 'final_proj' in --packages-select
[4.331s] Level 1:colcon.colcon_core.package_discovery:discover_packages(prefix_path) check parameters
[4.331s] Level 1:colcon.colcon_core.package_discovery:discover_packages(prefix_path) discover
[4.349s] DEBUG:colcon.colcon_installed_package_information.package_discovery:Found 18 installed packages in /home/ubuntu/ros2_ws/install
[4.360s] DEBUG:colcon.colcon_installed_package_information.package_discovery:Found 275 installed packages in /opt/ros/humble
[4.368s] Level 1:colcon.colcon_core.package_discovery:discover_packages(prefix_path) using defaults
[4.572s] INFO:colcon.colcon_core.executor:Executing jobs using 'parallel' executor
[4.576s] DEBUG:colcon.colcon_parallel_executor.executor.parallel:run_until_complete
[4.577s] DEBUG:colcon.colcon_parallel_executor.executor.parallel:closing loop
[4.578s] DEBUG:colcon.colcon_parallel_executor.executor.parallel:loop closed
[4.578s] DEBUG:colcon.colcon_parallel_executor.executor.parallel:run_until_complete finished with '0'
[4.578s] DEBUG:colcon.colcon_core.event_reactor:joining thread
[4.609s] INFO:colcon.colcon_core.plugin_system:Skipping extension 'colcon_notification.desktop_notification.terminal_notifier': Not used on non-Darwin systems
[4.610s] INFO:colcon.colcon_core.plugin_system:Skipping extension 'colcon_notification.desktop_notification.win32': Not used on non-Windows systems
[4.610s] INFO:colcon.colcon_notification.desktop_notification:Sending desktop notification using 'notify2'
[4.686s] DEBUG:colcon.colcon_core.event_reactor:joined thread
[4.701s] INFO:colcon.colcon_core.plugin_system:Skipping extension 'colcon_core.shell.bat': Not used on non-Windows systems
[4.702s] INFO:colcon.colcon_core.shell:Creating prefix script '/home/ubuntu/ros2_ws/src/final_proj/final_proj/install/local_setup.ps1'
[4.707s] INFO:colcon.colcon_core.shell:Creating prefix util module '/home/ubuntu/ros2_ws/src/final_proj/final_proj/install/_local_setup_util_ps1.py'
[4.713s] INFO:colcon.colcon_core.shell:Creating prefix chain script '/home/ubuntu/ros2_ws/src/final_proj/final_proj/install/setup.ps1'
[4.725s] INFO:colcon.colcon_core.shell:Creating prefix script '/home/ubuntu/ros2_ws/src/final_proj/final_proj/install/local_setup.sh'
[4.729s] INFO:colcon.colcon_core.shell:Creating prefix util module '/home/ubuntu/ros2_ws/src/final_proj/final_proj/install/_local_setup_util_sh.py'
[4.732s] INFO:colcon.colcon_core.shell:Creating prefix chain script '/home/ubuntu/ros2_ws/src/final_proj/final_proj/install/setup.sh'
[4.744s] INFO:colcon.colcon_core.shell:Creating prefix script '/home/ubuntu/ros2_ws/src/final_proj/final_proj/install/local_setup.bash'
[4.747s] INFO:colcon.colcon_core.shell:Creating prefix chain script '/home/ubuntu/ros2_ws/src/final_proj/final_proj/install/setup.bash'
[4.759s] INFO:colcon.colcon_core.shell:Creating prefix script '/home/ubuntu/ros2_ws/src/final_proj/final_proj/install/local_setup.zsh'
[4.762s] INFO:colcon.colcon_core.shell:Creating prefix chain script '/home/ubuntu/ros2_ws/src/final_proj/final_proj/install/setup.zsh'
