running egg_info
writing build/final_proj/final_proj.egg-info/PKG-INFO
writing dependency_links to build/final_proj/final_proj.egg-info/dependency_links.txt
writing entry points to build/final_proj/final_proj.egg-info/entry_points.txt
writing requirements to build/final_proj/final_proj.egg-info/requires.txt
writing top-level names to build/final_proj/final_proj.egg-info/top_level.txt
reading manifest file 'build/final_proj/final_proj.egg-info/SOURCES.txt'
writing manifest file 'build/final_proj/final_proj.egg-info/SOURCES.txt'
running build
running build_py
copying final_proj/main.py -> /home/ubuntu/ros2_ws/src/final_proj/build/final_proj/build/lib/final_proj
running install
running install_lib
copying /home/ubuntu/ros2_ws/src/final_proj/build/final_proj/build/lib/final_proj/main.py -> /home/ubuntu/ros2_ws/src/final_proj/install/final_proj/lib/python3.10/site-packages/final_proj
byte-compiling /home/ubuntu/ros2_ws/src/final_proj/install/final_proj/lib/python3.10/site-packages/final_proj/main.py to main.cpython-310.pyc
running install_data
running install_egg_info
removing '/home/ubuntu/ros2_ws/src/final_proj/install/final_proj/lib/python3.10/site-packages/final_proj-0.0.0-py3.10.egg-info' (and everything under it)
Copying build/final_proj/final_proj.egg-info to /home/ubuntu/ros2_ws/src/final_proj/install/final_proj/lib/python3.10/site-packages/final_proj-0.0.0-py3.10.egg-info
running install_scripts
Installing client script to /home/ubuntu/ros2_ws/src/final_proj/install/final_proj/lib/final_proj
Installing maze script to /home/ubuntu/ros2_ws/src/final_proj/install/final_proj/lib/final_proj
Installing service script to /home/ubuntu/ros2_ws/src/final_proj/install/final_proj/lib/final_proj
writing list of installed files to '/home/ubuntu/ros2_ws/src/final_proj/build/final_proj/install.log'
