[2.158s] DEBUG:colcon:Command line arguments: ['/usr/bin/colcon', 'build', '--packages-select', 'final_proj']
[2.159s] DEBUG:colcon:Parsed command line arguments: Namespace(log_base=None, log_level=None, verb_name='build', build_base='build', install_base='install', merge_install=False, symlink_install=False, test_result_base=None, continue_on_error=False, executor='parallel', parallel_workers=4, event_handlers=None, ignore_user_meta=False, metas=['./colcon.meta'], base_paths=['.'], packages_ignore=None, packages_ignore_regex=None, paths=None, packages_up_to=None, packages_up_to_regex=None, packages_above=None, packages_above_and_dependencies=None, packages_above_depth=None, packages_select_by_dep=None, packages_skip_by_dep=None, packages_skip_up_to=None, packages_select_build_failed=False, packages_skip_build_finished=False, packages_select_test_failures=False, packages_skip_test_passed=False, packages_select=['final_proj'], packages_skip=None, packages_select_regex=None, packages_skip_regex=None, packages_start=None, packages_end=None, allow_overriding=[], cmake_args=None, cmake_target=None, cmake_target_skip_unavailable=False, cmake_clean_cache=False, cmake_clean_first=False, cmake_force_configure=False, ament_cmake_args=None, catkin_cmake_args=None, catkin_skip_building_tests=False, verb_parser=<colcon_defaults.argument_parser.defaults.DefaultArgumentsDecorator object at 0xffffbd35e2c0>, verb_extension=<colcon_core.verb.build.BuildVerb object at 0xffffbd318af0>, main=<bound method BuildVerb.main of <colcon_core.verb.build.BuildVerb object at 0xffffbd318af0>>)
[3.466s] Level 1:colcon.colcon_core.package_discovery:discover_packages(colcon_meta) check parameters
[3.467s] Level 1:colcon.colcon_core.package_discovery:discover_packages(recursive) check parameters
[3.467s] Level 1:colcon.colcon_core.package_discovery:discover_packages(ignore) check parameters
[3.467s] Level 1:colcon.colcon_core.package_discovery:discover_packages(path) check parameters
[3.467s] Level 1:colcon.colcon_core.package_discovery:discover_packages(colcon_meta) discover
[3.468s] Level 1:colcon.colcon_core.package_discovery:discover_packages(recursive) discover
[3.468s] INFO:colcon.colcon_core.package_discovery:Crawling recursively for packages in '/home/ubuntu/ros2_ws/src/final_proj'
[3.468s] Level 1:colcon.colcon_core.package_identification:_identify(.) by extensions ['ignore', 'ignore_ament_install']
[3.469s] Level 1:colcon.colcon_core.package_identification:_identify(.) by extension 'ignore'
[3.469s] Level 1:colcon.colcon_core.package_identification:_identify(.) by extension 'ignore_ament_install'
[3.469s] Level 1:colcon.colcon_core.package_identification:_identify(.) by extensions ['colcon_pkg']
[3.470s] Level 1:colcon.colcon_core.package_identification:_identify(.) by extension 'colcon_pkg'
[3.470s] Level 1:colcon.colcon_core.package_identification:_identify(.) by extensions ['colcon_meta']
[3.470s] Level 1:colcon.colcon_core.package_identification:_identify(.) by extension 'colcon_meta'
[3.470s] Level 1:colcon.colcon_core.package_identification:_identify(.) by extensions ['ros']
[3.470s] Level 1:colcon.colcon_core.package_identification:_identify(.) by extension 'ros'
[3.574s] DEBUG:colcon.colcon_core.package_identification:Package '.' with type 'ros.ament_python' and name 'final_proj'
[3.574s] Level 1:colcon.colcon_core.package_discovery:discover_packages(recursive) using defaults
[3.574s] Level 1:colcon.colcon_core.package_discovery:discover_packages(ignore) discover
[3.575s] Level 1:colcon.colcon_core.package_discovery:discover_packages(ignore) using defaults
[3.575s] Level 1:colcon.colcon_core.package_discovery:discover_packages(path) discover
[3.575s] Level 1:colcon.colcon_core.package_discovery:discover_packages(path) using defaults
[3.672s] Level 1:colcon.colcon_core.package_discovery:discover_packages(prefix_path) check parameters
[3.672s] Level 1:colcon.colcon_core.package_discovery:discover_packages(prefix_path) discover
[3.691s] DEBUG:colcon.colcon_installed_package_information.package_discovery:Found 18 installed packages in /home/ubuntu/ros2_ws/install
[3.702s] DEBUG:colcon.colcon_installed_package_information.package_discovery:Found 275 installed packages in /opt/ros/humble
[3.709s] Level 1:colcon.colcon_core.package_discovery:discover_packages(prefix_path) using defaults
[3.947s] Level 5:colcon.colcon_core.verb:set package 'final_proj' build argument 'cmake_args' from command line to 'None'
[3.948s] Level 5:colcon.colcon_core.verb:set package 'final_proj' build argument 'cmake_target' from command line to 'None'
[3.948s] Level 5:colcon.colcon_core.verb:set package 'final_proj' build argument 'cmake_target_skip_unavailable' from command line to 'False'
[3.948s] Level 5:colcon.colcon_core.verb:set package 'final_proj' build argument 'cmake_clean_cache' from command line to 'False'
[3.948s] Level 5:colcon.colcon_core.verb:set package 'final_proj' build argument 'cmake_clean_first' from command line to 'False'
[3.948s] Level 5:colcon.colcon_core.verb:set package 'final_proj' build argument 'cmake_force_configure' from command line to 'False'
[3.948s] Level 5:colcon.colcon_core.verb:set package 'final_proj' build argument 'ament_cmake_args' from command line to 'None'
[3.949s] Level 5:colcon.colcon_core.verb:set package 'final_proj' build argument 'catkin_cmake_args' from command line to 'None'
[3.949s] Level 5:colcon.colcon_core.verb:set package 'final_proj' build argument 'catkin_skip_building_tests' from command line to 'False'
[3.949s] DEBUG:colcon.colcon_core.verb:Building package 'final_proj' with the following arguments: {'ament_cmake_args': None, 'build_base': '/home/ubuntu/ros2_ws/src/final_proj/build/final_proj', 'catkin_cmake_args': None, 'catkin_skip_building_tests': False, 'cmake_args': None, 'cmake_clean_cache': False, 'cmake_clean_first': False, 'cmake_force_configure': False, 'cmake_target': None, 'cmake_target_skip_unavailable': False, 'install_base': '/home/ubuntu/ros2_ws/src/final_proj/install/final_proj', 'merge_install': False, 'path': '/home/ubuntu/ros2_ws/src/final_proj', 'symlink_install': False, 'test_result_base': None}
[3.950s] INFO:colcon.colcon_core.executor:Executing jobs using 'parallel' executor
[3.953s] DEBUG:colcon.colcon_parallel_executor.executor.parallel:run_until_complete
[3.955s] INFO:colcon.colcon_ros.task.ament_python.build:Building ROS package in '/home/ubuntu/ros2_ws/src/final_proj' with build type 'ament_python'
[3.956s] Level 1:colcon.colcon_core.shell:create_environment_hook('final_proj', 'ament_prefix_path')
[3.968s] INFO:colcon.colcon_core.plugin_system:Skipping extension 'colcon_core.shell.bat': Not used on non-Windows systems
[3.969s] INFO:colcon.colcon_core.shell:Creating environment hook '/home/ubuntu/ros2_ws/src/final_proj/install/final_proj/share/final_proj/hook/ament_prefix_path.ps1'
[3.975s] INFO:colcon.colcon_core.shell:Creating environment descriptor '/home/ubuntu/ros2_ws/src/final_proj/install/final_proj/share/final_proj/hook/ament_prefix_path.dsv'
[3.979s] INFO:colcon.colcon_core.shell:Creating environment hook '/home/ubuntu/ros2_ws/src/final_proj/install/final_proj/share/final_proj/hook/ament_prefix_path.sh'
[3.984s] INFO:colcon.colcon_core.shell:Skip shell extension 'powershell' for command environment: Not usable outside of PowerShell
[3.984s] DEBUG:colcon.colcon_core.shell:Skip shell extension 'dsv' for command environment
[6.081s] INFO:colcon.colcon_core.task.python.build:Building Python package in '/home/ubuntu/ros2_ws/src/final_proj'
[6.083s] INFO:colcon.colcon_core.shell:Skip shell extension 'powershell' for command environment: Not usable outside of PowerShell
[6.083s] DEBUG:colcon.colcon_core.shell:Skip shell extension 'dsv' for command environment
[9.204s] DEBUG:colcon.colcon_core.event_handler.log_command:Invoking command in '/home/ubuntu/ros2_ws/src/final_proj': PYTHONPATH=/home/ubuntu/ros2_ws/src/final_proj/build/final_proj/prefix_override:/home/ubuntu/ros2_ws/src/final_proj/install/final_proj/lib/python3.10/site-packages:${PYTHONPATH} /usr/bin/python3 -W ignore:setup.py install is deprecated setup.py egg_info --egg-base build/final_proj build --build-base /home/ubuntu/ros2_ws/src/final_proj/build/final_proj/build install --record /home/ubuntu/ros2_ws/src/final_proj/build/final_proj/install.log --single-version-externally-managed install_data
[11.433s] DEBUG:colcon.colcon_core.event_handler.log_command:Invoked command in '/home/ubuntu/ros2_ws/src/final_proj' returned '0': PYTHONPATH=/home/ubuntu/ros2_ws/src/final_proj/build/final_proj/prefix_override:/home/ubuntu/ros2_ws/src/final_proj/install/final_proj/lib/python3.10/site-packages:${PYTHONPATH} /usr/bin/python3 -W ignore:setup.py install is deprecated setup.py egg_info --egg-base build/final_proj build --build-base /home/ubuntu/ros2_ws/src/final_proj/build/final_proj/build install --record /home/ubuntu/ros2_ws/src/final_proj/build/final_proj/install.log --single-version-externally-managed install_data
[11.441s] Level 1:colcon.colcon_core.environment:checking '/home/ubuntu/ros2_ws/src/final_proj/install/final_proj' for CMake module files
[11.444s] Level 1:colcon.colcon_core.environment:checking '/home/ubuntu/ros2_ws/src/final_proj/install/final_proj' for CMake config files
[11.450s] Level 1:colcon.colcon_core.environment:checking '/home/ubuntu/ros2_ws/src/final_proj/install/final_proj/lib'
[11.451s] Level 1:colcon.colcon_core.environment:checking '/home/ubuntu/ros2_ws/src/final_proj/install/final_proj/bin'
[11.451s] Level 1:colcon.colcon_core.environment:checking '/home/ubuntu/ros2_ws/src/final_proj/install/final_proj/lib/pkgconfig/final_proj.pc'
[11.453s] Level 1:colcon.colcon_core.environment:checking '/home/ubuntu/ros2_ws/src/final_proj/install/final_proj/lib/python3.10/site-packages'
[11.453s] Level 1:colcon.colcon_core.shell:create_environment_hook('final_proj', 'pythonpath')
[11.455s] INFO:colcon.colcon_core.shell:Creating environment hook '/home/ubuntu/ros2_ws/src/final_proj/install/final_proj/share/final_proj/hook/pythonpath.ps1'
[11.458s] INFO:colcon.colcon_core.shell:Creating environment descriptor '/home/ubuntu/ros2_ws/src/final_proj/install/final_proj/share/final_proj/hook/pythonpath.dsv'
[11.460s] INFO:colcon.colcon_core.shell:Creating environment hook '/home/ubuntu/ros2_ws/src/final_proj/install/final_proj/share/final_proj/hook/pythonpath.sh'
[11.463s] Level 1:colcon.colcon_core.environment:checking '/home/ubuntu/ros2_ws/src/final_proj/install/final_proj/bin'
[11.464s] Level 1:colcon.colcon_core.environment:create_environment_scripts_only(final_proj)
[11.466s] INFO:colcon.colcon_core.shell:Creating package script '/home/ubuntu/ros2_ws/src/final_proj/install/final_proj/share/final_proj/package.ps1'
[11.473s] INFO:colcon.colcon_core.shell:Creating package descriptor '/home/ubuntu/ros2_ws/src/final_proj/install/final_proj/share/final_proj/package.dsv'
[11.478s] INFO:colcon.colcon_core.shell:Creating package script '/home/ubuntu/ros2_ws/src/final_proj/install/final_proj/share/final_proj/package.sh'
[11.483s] INFO:colcon.colcon_core.shell:Creating package script '/home/ubuntu/ros2_ws/src/final_proj/install/final_proj/share/final_proj/package.bash'
[11.487s] INFO:colcon.colcon_core.shell:Creating package script '/home/ubuntu/ros2_ws/src/final_proj/install/final_proj/share/final_proj/package.zsh'
[11.491s] Level 1:colcon.colcon_core.environment:create_file_with_runtime_dependencies(/home/ubuntu/ros2_ws/src/final_proj/install/final_proj/share/colcon-core/packages/final_proj)
[11.495s] DEBUG:colcon.colcon_parallel_executor.executor.parallel:closing loop
[11.496s] DEBUG:colcon.colcon_parallel_executor.executor.parallel:loop closed
[11.496s] DEBUG:colcon.colcon_parallel_executor.executor.parallel:run_until_complete finished with '0'
[11.497s] DEBUG:colcon.colcon_core.event_reactor:joining thread
[11.535s] INFO:colcon.colcon_core.plugin_system:Skipping extension 'colcon_notification.desktop_notification.terminal_notifier': Not used on non-Darwin systems
[11.535s] INFO:colcon.colcon_core.plugin_system:Skipping extension 'colcon_notification.desktop_notification.win32': Not used on non-Windows systems
[11.536s] INFO:colcon.colcon_notification.desktop_notification:Sending desktop notification using 'notify2'
[11.655s] DEBUG:colcon.colcon_core.event_reactor:joined thread
[11.657s] INFO:colcon.colcon_core.shell:Creating prefix script '/home/ubuntu/ros2_ws/src/final_proj/install/local_setup.ps1'
[11.661s] INFO:colcon.colcon_core.shell:Creating prefix util module '/home/ubuntu/ros2_ws/src/final_proj/install/_local_setup_util_ps1.py'
[11.668s] INFO:colcon.colcon_core.shell:Creating prefix chain script '/home/ubuntu/ros2_ws/src/final_proj/install/setup.ps1'
[11.685s] INFO:colcon.colcon_core.shell:Creating prefix script '/home/ubuntu/ros2_ws/src/final_proj/install/local_setup.sh'
[11.693s] INFO:colcon.colcon_core.shell:Creating prefix util module '/home/ubuntu/ros2_ws/src/final_proj/install/_local_setup_util_sh.py'
[11.697s] INFO:colcon.colcon_core.shell:Creating prefix chain script '/home/ubuntu/ros2_ws/src/final_proj/install/setup.sh'
[11.709s] INFO:colcon.colcon_core.shell:Creating prefix script '/home/ubuntu/ros2_ws/src/final_proj/install/local_setup.bash'
[11.712s] INFO:colcon.colcon_core.shell:Creating prefix chain script '/home/ubuntu/ros2_ws/src/final_proj/install/setup.bash'
[11.725s] INFO:colcon.colcon_core.shell:Creating prefix script '/home/ubuntu/ros2_ws/src/final_proj/install/local_setup.zsh'
[11.728s] INFO:colcon.colcon_core.shell:Creating prefix chain script '/home/ubuntu/ros2_ws/src/final_proj/install/setup.zsh'
