[5.247s] Invoking command in '/home/ubuntu/ros2_ws/src/final_proj': PYTHONPATH=/home/ubuntu/ros2_ws/src/final_proj/build/final_proj/prefix_override:/home/ubuntu/ros2_ws/src/final_proj/install/final_proj/lib/python3.10/site-packages:${PYTHONPATH} /usr/bin/python3 -W ignore:setup.py install is deprecated setup.py egg_info --egg-base build/final_proj build --build-base /home/ubuntu/ros2_ws/src/final_proj/build/final_proj/build install --record /home/ubuntu/ros2_ws/src/final_proj/build/final_proj/install.log --single-version-externally-managed install_data
[7.062s] running egg_info
[7.066s] writing build/final_proj/final_proj.egg-info/PKG-INFO
[7.067s] writing dependency_links to build/final_proj/final_proj.egg-info/dependency_links.txt
[7.068s] writing entry points to build/final_proj/final_proj.egg-info/entry_points.txt
[7.069s] writing requirements to build/final_proj/final_proj.egg-info/requires.txt
[7.070s] writing top-level names to build/final_proj/final_proj.egg-info/top_level.txt
[7.082s] reading manifest file 'build/final_proj/final_proj.egg-info/SOURCES.txt'
[7.087s] writing manifest file 'build/final_proj/final_proj.egg-info/SOURCES.txt'
[7.088s] running build
[7.089s] running build_py
[7.090s] copying final_proj/main.py -> /home/ubuntu/ros2_ws/src/final_proj/build/final_proj/build/lib/final_proj
[7.093s] running install
[7.095s] running install_lib
[7.100s] copying /home/ubuntu/ros2_ws/src/final_proj/build/final_proj/build/lib/final_proj/main.py -> /home/ubuntu/ros2_ws/src/final_proj/install/final_proj/lib/python3.10/site-packages/final_proj
[7.105s] byte-compiling /home/ubuntu/ros2_ws/src/final_proj/install/final_proj/lib/python3.10/site-packages/final_proj/main.py to main.cpython-310.pyc
[7.109s] running install_data
[7.110s] running install_egg_info
[7.120s] removing '/home/ubuntu/ros2_ws/src/final_proj/install/final_proj/lib/python3.10/site-packages/final_proj-0.0.0-py3.10.egg-info' (and everything under it)
[7.122s] Copying build/final_proj/final_proj.egg-info to /home/ubuntu/ros2_ws/src/final_proj/install/final_proj/lib/python3.10/site-packages/final_proj-0.0.0-py3.10.egg-info
[7.130s] running install_scripts
[7.251s] Installing client script to /home/ubuntu/ros2_ws/src/final_proj/install/final_proj/lib/final_proj
[7.253s] Installing maze script to /home/ubuntu/ros2_ws/src/final_proj/install/final_proj/lib/final_proj
[7.254s] Installing service script to /home/ubuntu/ros2_ws/src/final_proj/install/final_proj/lib/final_proj
[7.257s] writing list of installed files to '/home/ubuntu/ros2_ws/src/final_proj/build/final_proj/install.log'
[7.477s] Invoked command in '/home/ubuntu/ros2_ws/src/final_proj' returned '0': PYTHONPATH=/home/ubuntu/ros2_ws/src/final_proj/build/final_proj/prefix_override:/home/ubuntu/ros2_ws/src/final_proj/install/final_proj/lib/python3.10/site-packages:${PYTHONPATH} /usr/bin/python3 -W ignore:setup.py install is deprecated setup.py egg_info --egg-base build/final_proj build --build-base /home/ubuntu/ros2_ws/src/final_proj/build/final_proj/build install --record /home/ubuntu/ros2_ws/src/final_proj/build/final_proj/install.log --single-version-externally-managed install_data
