[20.374s] Invoking command in '/home/ubuntu/ros2_ws/src/final_proj': PYTHONPATH=/home/ubuntu/ros2_ws/src/final_proj/build/final_proj/prefix_override:/home/ubuntu/ros2_ws/src/final_proj/install/final_proj/lib/python3.10/site-packages:${PYTHONPATH} /usr/bin/python3 -W ignore:setup.py install is deprecated setup.py egg_info --egg-base build/final_proj build --build-base /home/ubuntu/ros2_ws/src/final_proj/build/final_proj/build install --record /home/ubuntu/ros2_ws/src/final_proj/build/final_proj/install.log --single-version-externally-managed install_data
[28.549s] running egg_info
[28.558s] writing build/final_proj/final_proj.egg-info/PKG-INFO
[28.563s] writing dependency_links to build/final_proj/final_proj.egg-info/dependency_links.txt
[28.567s] writing entry points to build/final_proj/final_proj.egg-info/entry_points.txt
[28.573s] writing requirements to build/final_proj/final_proj.egg-info/requires.txt
[28.577s] writing top-level names to build/final_proj/final_proj.egg-info/top_level.txt
[28.602s] reading manifest file 'build/final_proj/final_proj.egg-info/SOURCES.txt'
[28.612s] writing manifest file 'build/final_proj/final_proj.egg-info/SOURCES.txt'
[28.614s] running build
[28.615s] running build_py
[28.617s] copying final_proj/main.py -> /home/ubuntu/ros2_ws/src/final_proj/build/final_proj/build/lib/final_proj
[28.623s] copying final_proj/audio.py -> /home/ubuntu/ros2_ws/src/final_proj/build/final_proj/build/lib/final_proj
[28.630s] copying final_proj/trivia.py -> /home/ubuntu/ros2_ws/src/final_proj/build/final_proj/build/lib/final_proj
[28.631s] copying final_proj/movement.py -> /home/ubuntu/ros2_ws/src/final_proj/build/final_proj/build/lib/final_proj
[28.632s] running install
[28.636s] running install_lib
[28.647s] copying /home/ubuntu/ros2_ws/src/final_proj/build/final_proj/build/lib/final_proj/main.py -> /home/ubuntu/ros2_ws/src/final_proj/install/final_proj/lib/python3.10/site-packages/final_proj
[28.649s] copying /home/ubuntu/ros2_ws/src/final_proj/build/final_proj/build/lib/final_proj/audio.py -> /home/ubuntu/ros2_ws/src/final_proj/install/final_proj/lib/python3.10/site-packages/final_proj
[28.653s] copying /home/ubuntu/ros2_ws/src/final_proj/build/final_proj/build/lib/final_proj/trivia.py -> /home/ubuntu/ros2_ws/src/final_proj/install/final_proj/lib/python3.10/site-packages/final_proj
[28.683s] copying /home/ubuntu/ros2_ws/src/final_proj/build/final_proj/build/lib/final_proj/movement.py -> /home/ubuntu/ros2_ws/src/final_proj/install/final_proj/lib/python3.10/site-packages/final_proj
[28.684s] byte-compiling /home/ubuntu/ros2_ws/src/final_proj/install/final_proj/lib/python3.10/site-packages/final_proj/main.py to main.cpython-310.pyc
[28.686s] byte-compiling /home/ubuntu/ros2_ws/src/final_proj/install/final_proj/lib/python3.10/site-packages/final_proj/audio.py to audio.cpython-310.pyc
[28.689s] byte-compiling /home/ubuntu/ros2_ws/src/final_proj/install/final_proj/lib/python3.10/site-packages/final_proj/trivia.py to trivia.cpython-310.pyc
[28.690s] byte-compiling /home/ubuntu/ros2_ws/src/final_proj/install/final_proj/lib/python3.10/site-packages/final_proj/movement.py to movement.cpython-310.pyc
[28.690s] running install_data
[28.691s] running install_egg_info
[28.698s] removing '/home/ubuntu/ros2_ws/src/final_proj/install/final_proj/lib/python3.10/site-packages/final_proj-0.0.0-py3.10.egg-info' (and everything under it)
[28.700s] Copying build/final_proj/final_proj.egg-info to /home/ubuntu/ros2_ws/src/final_proj/install/final_proj/lib/python3.10/site-packages/final_proj-0.0.0-py3.10.egg-info
[28.709s] running install_scripts
[28.841s] Installing client script to /home/ubuntu/ros2_ws/src/final_proj/install/final_proj/lib/final_proj
[28.842s] Installing maze script to /home/ubuntu/ros2_ws/src/final_proj/install/final_proj/lib/final_proj
[28.844s] Installing service script to /home/ubuntu/ros2_ws/src/final_proj/install/final_proj/lib/final_proj
[28.847s] writing list of installed files to '/home/ubuntu/ros2_ws/src/final_proj/build/final_proj/install.log'
[29.018s] Invoked command in '/home/ubuntu/ros2_ws/src/final_proj' returned '0': PYTHONPATH=/home/ubuntu/ros2_ws/src/final_proj/build/final_proj/prefix_override:/home/ubuntu/ros2_ws/src/final_proj/install/final_proj/lib/python3.10/site-packages:${PYTHONPATH} /usr/bin/python3 -W ignore:setup.py install is deprecated setup.py egg_info --egg-base build/final_proj build --build-base /home/ubuntu/ros2_ws/src/final_proj/build/final_proj/build install --record /home/ubuntu/ros2_ws/src/final_proj/build/final_proj/install.log --single-version-externally-managed install_data
