/home/ubuntu/ros2_ws/src/final_proj/install/final_proj/lib/python3.10/site-packages/final_proj/__init__.py
/home/ubuntu/ros2_ws/src/final_proj/install/final_proj/lib/python3.10/site-packages/final_proj/main.py
/home/ubuntu/ros2_ws/src/final_proj/install/final_proj/lib/python3.10/site-packages/final_proj/audio.py
/home/ubuntu/ros2_ws/src/final_proj/install/final_proj/lib/python3.10/site-packages/final_proj/client_go_pupper.py
/home/ubuntu/ros2_ws/src/final_proj/install/final_proj/lib/python3.10/site-packages/final_proj/trivia.py
/home/ubuntu/ros2_ws/src/final_proj/install/final_proj/lib/python3.10/site-packages/final_proj/service_go_pupper.py
/home/ubuntu/ros2_ws/src/final_proj/install/final_proj/lib/python3.10/site-packages/final_proj/movement.py
/home/ubuntu/ros2_ws/src/final_proj/install/final_proj/lib/python3.10/site-packages/final_proj/__pycache__/__init__.cpython-310.pyc
/home/ubuntu/ros2_ws/src/final_proj/install/final_proj/lib/python3.10/site-packages/final_proj/__pycache__/main.cpython-310.pyc
/home/ubuntu/ros2_ws/src/final_proj/install/final_proj/lib/python3.10/site-packages/final_proj/__pycache__/audio.cpython-310.pyc
/home/ubuntu/ros2_ws/src/final_proj/install/final_proj/lib/python3.10/site-packages/final_proj/__pycache__/client_go_pupper.cpython-310.pyc
/home/ubuntu/ros2_ws/src/final_proj/install/final_proj/lib/python3.10/site-packages/final_proj/__pycache__/trivia.cpython-310.pyc
/home/ubuntu/ros2_ws/src/final_proj/install/final_proj/lib/python3.10/site-packages/final_proj/__pycache__/service_go_pupper.cpython-310.pyc
/home/ubuntu/ros2_ws/src/final_proj/install/final_proj/lib/python3.10/site-packages/final_proj/__pycache__/movement.cpython-310.pyc
/home/ubuntu/ros2_ws/src/final_proj/install/final_proj/share/ament_index/resource_index/packages/final_proj
/home/ubuntu/ros2_ws/src/final_proj/install/final_proj/share/final_proj/package.xml
/home/ubuntu/ros2_ws/src/final_proj/install/final_proj/lib/python3.10/site-packages/final_proj-0.0.0-py3.10.egg-info/SOURCES.txt
/home/ubuntu/ros2_ws/src/final_proj/install/final_proj/lib/python3.10/site-packages/final_proj-0.0.0-py3.10.egg-info/dependency_links.txt
/home/ubuntu/ros2_ws/src/final_proj/install/final_proj/lib/python3.10/site-packages/final_proj-0.0.0-py3.10.egg-info/PKG-INFO
/home/ubuntu/ros2_ws/src/final_proj/install/final_proj/lib/python3.10/site-packages/final_proj-0.0.0-py3.10.egg-info/requires.txt
/home/ubuntu/ros2_ws/src/final_proj/install/final_proj/lib/python3.10/site-packages/final_proj-0.0.0-py3.10.egg-info/entry_points.txt
/home/ubuntu/ros2_ws/src/final_proj/install/final_proj/lib/python3.10/site-packages/final_proj-0.0.0-py3.10.egg-info/zip-safe
/home/ubuntu/ros2_ws/src/final_proj/install/final_proj/lib/python3.10/site-packages/final_proj-0.0.0-py3.10.egg-info/top_level.txt
/home/ubuntu/ros2_ws/src/final_proj/install/final_proj/lib/final_proj/client
/home/ubuntu/ros2_ws/src/final_proj/install/final_proj/lib/final_proj/maze
/home/ubuntu/ros2_ws/src/final_proj/install/final_proj/lib/final_proj/service
