[3.146s] DEBUG:colcon:Command line arguments: ['/usr/bin/colcon', 'build', '--packages-select', 'final_proj']
[3.146s] DEBUG:colcon:Parsed command line arguments: Namespace(log_base=None, log_level=None, verb_name='build', build_base='build', install_base='install', merge_install=False, symlink_install=False, test_result_base=None, continue_on_error=False, executor='parallel', parallel_workers=4, event_handlers=None, ignore_user_meta=False, metas=['./colcon.meta'], base_paths=['.'], packages_ignore=None, packages_ignore_regex=None, paths=None, packages_up_to=None, packages_up_to_regex=None, packages_above=None, packages_above_and_dependencies=None, packages_above_depth=None, packages_select_by_dep=None, packages_skip_by_dep=None, packages_skip_up_to=None, packages_select_build_failed=False, packages_skip_build_finished=False, packages_select_test_failures=False, packages_skip_test_passed=False, packages_select=['final_proj'], packages_skip=None, packages_select_regex=None, packages_skip_regex=None, packages_start=None, packages_end=None, allow_overriding=[], cmake_args=None, cmake_target=None, cmake_target_skip_unavailable=False, cmake_clean_cache=False, cmake_clean_first=False, cmake_force_configure=False, ament_cmake_args=None, catkin_cmake_args=None, catkin_skip_building_tests=False, verb_parser=<colcon_defaults.argument_parser.defaults.DefaultArgumentsDecorator object at 0xffff8a85e350>, verb_extension=<colcon_core.verb.build.BuildVerb object at 0xffff8a814b80>, main=<bound method BuildVerb.main of <colcon_core.verb.build.BuildVerb object at 0xffff8a814b80>>)
[4.339s] Level 1:colcon.colcon_core.package_discovery:discover_packages(colcon_meta) check parameters
[4.340s] Level 1:colcon.colcon_core.package_discovery:discover_packages(recursive) check parameters
[4.340s] Level 1:colcon.colcon_core.package_discovery:discover_packages(ignore) check parameters
[4.340s] Level 1:colcon.colcon_core.package_discovery:discover_packages(path) check parameters
[4.340s] Level 1:colcon.colcon_core.package_discovery:discover_packages(colcon_meta) discover
[4.341s] Level 1:colcon.colcon_core.package_discovery:discover_packages(recursive) discover
[4.341s] INFO:colcon.colcon_core.package_discovery:Crawling recursively for packages in '/home/ubuntu/ros2_ws/src/final_proj'
[4.341s] Level 1:colcon.colcon_core.package_identification:_identify(.) by extensions ['ignore', 'ignore_ament_install']
[4.342s] Level 1:colcon.colcon_core.package_identification:_identify(.) by extension 'ignore'
[4.342s] Level 1:colcon.colcon_core.package_identification:_identify(.) by extension 'ignore_ament_install'
[4.342s] Level 1:colcon.colcon_core.package_identification:_identify(.) by extensions ['colcon_pkg']
[4.343s] Level 1:colcon.colcon_core.package_identification:_identify(.) by extension 'colcon_pkg'
[4.343s] Level 1:colcon.colcon_core.package_identification:_identify(.) by extensions ['colcon_meta']
[4.343s] Level 1:colcon.colcon_core.package_identification:_identify(.) by extension 'colcon_meta'
[4.343s] Level 1:colcon.colcon_core.package_identification:_identify(.) by extensions ['ros']
[4.343s] Level 1:colcon.colcon_core.package_identification:_identify(.) by extension 'ros'
[4.447s] DEBUG:colcon.colcon_core.package_identification:Package '.' with type 'ros.ament_python' and name 'final_proj'
[4.448s] Level 1:colcon.colcon_core.package_discovery:discover_packages(recursive) using defaults
[4.448s] Level 1:colcon.colcon_core.package_discovery:discover_packages(ignore) discover
[4.448s] Level 1:colcon.colcon_core.package_discovery:discover_packages(ignore) using defaults
[4.448s] Level 1:colcon.colcon_core.package_discovery:discover_packages(path) discover
[4.448s] Level 1:colcon.colcon_core.package_discovery:discover_packages(path) using defaults
[4.551s] Level 1:colcon.colcon_core.package_discovery:discover_packages(prefix_path) check parameters
[4.552s] Level 1:colcon.colcon_core.package_discovery:discover_packages(prefix_path) discover
[4.570s] DEBUG:colcon.colcon_installed_package_information.package_discovery:Found 18 installed packages in /home/ubuntu/ros2_ws/install
[4.581s] DEBUG:colcon.colcon_installed_package_information.package_discovery:Found 275 installed packages in /opt/ros/humble
[4.590s] Level 1:colcon.colcon_core.package_discovery:discover_packages(prefix_path) using defaults
[4.844s] Level 5:colcon.colcon_core.verb:set package 'final_proj' build argument 'cmake_args' from command line to 'None'
[4.844s] Level 5:colcon.colcon_core.verb:set package 'final_proj' build argument 'cmake_target' from command line to 'None'
[4.844s] Level 5:colcon.colcon_core.verb:set package 'final_proj' build argument 'cmake_target_skip_unavailable' from command line to 'False'
[4.844s] Level 5:colcon.colcon_core.verb:set package 'final_proj' build argument 'cmake_clean_cache' from command line to 'False'
[4.844s] Level 5:colcon.colcon_core.verb:set package 'final_proj' build argument 'cmake_clean_first' from command line to 'False'
[4.844s] Level 5:colcon.colcon_core.verb:set package 'final_proj' build argument 'cmake_force_configure' from command line to 'False'
[4.845s] Level 5:colcon.colcon_core.verb:set package 'final_proj' build argument 'ament_cmake_args' from command line to 'None'
[4.845s] Level 5:colcon.colcon_core.verb:set package 'final_proj' build argument 'catkin_cmake_args' from command line to 'None'
[4.845s] Level 5:colcon.colcon_core.verb:set package 'final_proj' build argument 'catkin_skip_building_tests' from command line to 'False'
[4.845s] DEBUG:colcon.colcon_core.verb:Building package 'final_proj' with the following arguments: {'ament_cmake_args': None, 'build_base': '/home/ubuntu/ros2_ws/src/final_proj/build/final_proj', 'catkin_cmake_args': None, 'catkin_skip_building_tests': False, 'cmake_args': None, 'cmake_clean_cache': False, 'cmake_clean_first': False, 'cmake_force_configure': False, 'cmake_target': None, 'cmake_target_skip_unavailable': False, 'install_base': '/home/ubuntu/ros2_ws/src/final_proj/install/final_proj', 'merge_install': False, 'path': '/home/ubuntu/ros2_ws/src/final_proj', 'symlink_install': False, 'test_result_base': None}
[4.846s] INFO:colcon.colcon_core.executor:Executing jobs using 'parallel' executor
[4.850s] DEBUG:colcon.colcon_parallel_executor.executor.parallel:run_until_complete
[4.851s] INFO:colcon.colcon_ros.task.ament_python.build:Building ROS package in '/home/ubuntu/ros2_ws/src/final_proj' with build type 'ament_python'
[4.852s] Level 1:colcon.colcon_core.shell:create_environment_hook('final_proj', 'ament_prefix_path')
[4.871s] INFO:colcon.colcon_core.plugin_system:Skipping extension 'colcon_core.shell.bat': Not used on non-Windows systems
[4.872s] INFO:colcon.colcon_core.shell:Creating environment hook '/home/ubuntu/ros2_ws/src/final_proj/install/final_proj/share/final_proj/hook/ament_prefix_path.ps1'
[4.876s] INFO:colcon.colcon_core.shell:Creating environment descriptor '/home/ubuntu/ros2_ws/src/final_proj/install/final_proj/share/final_proj/hook/ament_prefix_path.dsv'
[4.879s] INFO:colcon.colcon_core.shell:Creating environment hook '/home/ubuntu/ros2_ws/src/final_proj/install/final_proj/share/final_proj/hook/ament_prefix_path.sh'
[4.884s] INFO:colcon.colcon_core.shell:Skip shell extension 'powershell' for command environment: Not usable outside of PowerShell
[4.885s] DEBUG:colcon.colcon_core.shell:Skip shell extension 'dsv' for command environment
[6.893s] INFO:colcon.colcon_core.task.python.build:Building Python package in '/home/ubuntu/ros2_ws/src/final_proj'
[6.894s] INFO:colcon.colcon_core.shell:Skip shell extension 'powershell' for command environment: Not usable outside of PowerShell
[6.894s] DEBUG:colcon.colcon_core.shell:Skip shell extension 'dsv' for command environment
[9.582s] DEBUG:colcon.colcon_core.event_handler.log_command:Invoking command in '/home/ubuntu/ros2_ws/src/final_proj': PYTHONPATH=/home/ubuntu/ros2_ws/src/final_proj/build/final_proj/prefix_override:/home/ubuntu/ros2_ws/src/final_proj/install/final_proj/lib/python3.10/site-packages:${PYTHONPATH} /usr/bin/python3 -W ignore:setup.py install is deprecated setup.py egg_info --egg-base build/final_proj build --build-base /home/ubuntu/ros2_ws/src/final_proj/build/final_proj/build install --record /home/ubuntu/ros2_ws/src/final_proj/build/final_proj/install.log --single-version-externally-managed install_data
[11.754s] DEBUG:colcon.colcon_core.event_handler.log_command:Invoked command in '/home/ubuntu/ros2_ws/src/final_proj' returned '0': PYTHONPATH=/home/ubuntu/ros2_ws/src/final_proj/build/final_proj/prefix_override:/home/ubuntu/ros2_ws/src/final_proj/install/final_proj/lib/python3.10/site-packages:${PYTHONPATH} /usr/bin/python3 -W ignore:setup.py install is deprecated setup.py egg_info --egg-base build/final_proj build --build-base /home/ubuntu/ros2_ws/src/final_proj/build/final_proj/build install --record /home/ubuntu/ros2_ws/src/final_proj/build/final_proj/install.log --single-version-externally-managed install_data
[11.774s] Level 1:colcon.colcon_core.environment:checking '/home/ubuntu/ros2_ws/src/final_proj/install/final_proj' for CMake module files
[11.777s] Level 1:colcon.colcon_core.environment:checking '/home/ubuntu/ros2_ws/src/final_proj/install/final_proj' for CMake config files
[11.782s] Level 1:colcon.colcon_core.environment:checking '/home/ubuntu/ros2_ws/src/final_proj/install/final_proj/lib'
[11.783s] Level 1:colcon.colcon_core.environment:checking '/home/ubuntu/ros2_ws/src/final_proj/install/final_proj/bin'
[11.784s] Level 1:colcon.colcon_core.environment:checking '/home/ubuntu/ros2_ws/src/final_proj/install/final_proj/lib/pkgconfig/final_proj.pc'
[11.785s] Level 1:colcon.colcon_core.environment:checking '/home/ubuntu/ros2_ws/src/final_proj/install/final_proj/lib/python3.10/site-packages'
[11.787s] Level 1:colcon.colcon_core.shell:create_environment_hook('final_proj', 'pythonpath')
[11.790s] INFO:colcon.colcon_core.shell:Creating environment hook '/home/ubuntu/ros2_ws/src/final_proj/install/final_proj/share/final_proj/hook/pythonpath.ps1'
[11.793s] INFO:colcon.colcon_core.shell:Creating environment descriptor '/home/ubuntu/ros2_ws/src/final_proj/install/final_proj/share/final_proj/hook/pythonpath.dsv'
[11.796s] INFO:colcon.colcon_core.shell:Creating environment hook '/home/ubuntu/ros2_ws/src/final_proj/install/final_proj/share/final_proj/hook/pythonpath.sh'
[11.799s] Level 1:colcon.colcon_core.environment:checking '/home/ubuntu/ros2_ws/src/final_proj/install/final_proj/bin'
[11.800s] Level 1:colcon.colcon_core.environment:create_environment_scripts_only(final_proj)
[11.802s] INFO:colcon.colcon_core.shell:Creating package script '/home/ubuntu/ros2_ws/src/final_proj/install/final_proj/share/final_proj/package.ps1'
[11.806s] INFO:colcon.colcon_core.shell:Creating package descriptor '/home/ubuntu/ros2_ws/src/final_proj/install/final_proj/share/final_proj/package.dsv'
[11.810s] INFO:colcon.colcon_core.shell:Creating package script '/home/ubuntu/ros2_ws/src/final_proj/install/final_proj/share/final_proj/package.sh'
[11.815s] INFO:colcon.colcon_core.shell:Creating package script '/home/ubuntu/ros2_ws/src/final_proj/install/final_proj/share/final_proj/package.bash'
[11.820s] INFO:colcon.colcon_core.shell:Creating package script '/home/ubuntu/ros2_ws/src/final_proj/install/final_proj/share/final_proj/package.zsh'
[11.824s] Level 1:colcon.colcon_core.environment:create_file_with_runtime_dependencies(/home/ubuntu/ros2_ws/src/final_proj/install/final_proj/share/colcon-core/packages/final_proj)
[11.826s] DEBUG:colcon.colcon_parallel_executor.executor.parallel:closing loop
[11.827s] DEBUG:colcon.colcon_parallel_executor.executor.parallel:loop closed
[11.830s] DEBUG:colcon.colcon_parallel_executor.executor.parallel:run_until_complete finished with '0'
[11.830s] DEBUG:colcon.colcon_core.event_reactor:joining thread
[11.869s] INFO:colcon.colcon_core.plugin_system:Skipping extension 'colcon_notification.desktop_notification.terminal_notifier': Not used on non-Darwin systems
[11.870s] INFO:colcon.colcon_core.plugin_system:Skipping extension 'colcon_notification.desktop_notification.win32': Not used on non-Windows systems
[11.870s] INFO:colcon.colcon_notification.desktop_notification:Sending desktop notification using 'notify2'
[11.950s] DEBUG:colcon.colcon_core.event_reactor:joined thread
[11.952s] INFO:colcon.colcon_core.shell:Creating prefix script '/home/ubuntu/ros2_ws/src/final_proj/install/local_setup.ps1'
[11.957s] INFO:colcon.colcon_core.shell:Creating prefix util module '/home/ubuntu/ros2_ws/src/final_proj/install/_local_setup_util_ps1.py'
[11.965s] INFO:colcon.colcon_core.shell:Creating prefix chain script '/home/ubuntu/ros2_ws/src/final_proj/install/setup.ps1'
[11.977s] INFO:colcon.colcon_core.shell:Creating prefix script '/home/ubuntu/ros2_ws/src/final_proj/install/local_setup.sh'
[11.980s] INFO:colcon.colcon_core.shell:Creating prefix util module '/home/ubuntu/ros2_ws/src/final_proj/install/_local_setup_util_sh.py'
[11.983s] INFO:colcon.colcon_core.shell:Creating prefix chain script '/home/ubuntu/ros2_ws/src/final_proj/install/setup.sh'
[11.995s] INFO:colcon.colcon_core.shell:Creating prefix script '/home/ubuntu/ros2_ws/src/final_proj/install/local_setup.bash'
[11.999s] INFO:colcon.colcon_core.shell:Creating prefix chain script '/home/ubuntu/ros2_ws/src/final_proj/install/setup.bash'
[12.010s] INFO:colcon.colcon_core.shell:Creating prefix script '/home/ubuntu/ros2_ws/src/final_proj/install/local_setup.zsh'
[12.014s] INFO:colcon.colcon_core.shell:Creating prefix chain script '/home/ubuntu/ros2_ws/src/final_proj/install/setup.zsh'
